<?xml version="1.0" encoding="UTF-8"?>
<testng-results skipped="0" failed="0" ignored="0" total="1" passed="1">
  <reporter-output>
  </reporter-output>
  <suite name="Suite" duration-ms="124" started-at="2018-04-25T08:21:46Z" finished-at="2018-04-25T08:21:46Z">
    <groups>
    </groups>
    <test name="Test" duration-ms="124" started-at="2018-04-25T08:21:46Z" finished-at="2018-04-25T08:21:46Z">
      <class name="packq1.SampleTest">
        <test-method status="PASS" signature="CreateTest()[pri:0, instance:packq1.SampleTest@1e88b3c]" name="CreateTest" duration-ms="34" started-at="2018-04-25T13:51:46Z" finished-at="2018-04-25T13:51:46Z">
          <reporter-output>
          </reporter-output>
        </test-method> <!-- CreateTest -->
      </class> <!-- packq1.SampleTest -->
    </test> <!-- Test -->
  </suite> <!-- Suite -->
</testng-results>
